<?xml version="1.0" encoding="UTF-8"?>
<!-- Generated by org.testng.reporters.JUnitXMLReporter -->
<testsuite hostname="BogdanRadu" ignored="0" name="Test" tests="6" failures="0" timestamp="2020-08-27T18:47:38 EEST" time="0.154" errors="0">
  <testcase name="SeleniumTest1" time="0.012" classname="qaclickacademy.SeleniumTest"/>
  <testcase name="SeleniumTest2" time="0.003" classname="qaclickacademy.SeleniumTest"/>
  <testcase name="APITest1" time="0.002" classname="qaclickacademy.RESTAPITest"/>
  <testcase name="APITest2" time="0.003" classname="qaclickacademy.RESTAPITest"/>
  <testcase name="ApiumTest1" time="0.004" classname="qaclickacademy.ApiumTest"/>
  <testcase name="ApiumTest2" time="0.001" classname="qaclickacademy.ApiumTest"/>
</testsuite> <!-- Test -->
