<?xml version="1.0" encoding="UTF-8"?>
<!-- Generated by org.testng.reporters.JUnitXMLReporter -->
<testsuite hostname="BogdanRadu" ignored="0" name="Test" tests="4" failures="0" timestamp="2020-08-25T20:58:11 EEST" time="0.048" errors="0">
  <testcase name="SeleniumTest1" time="0.005" classname="qaclickacademy.SeleniumTest"/>
  <testcase name="SeleniumTest2" time="0.0" classname="qaclickacademy.SeleniumTest"/>
  <testcase name="APITest1" time="0.0" classname="qaclickacademy.RESTAPITest"/>
  <testcase name="APITest2" time="0.0" classname="qaclickacademy.RESTAPITest"/>
</testsuite> <!-- Test -->
