<?xml version="1.0" encoding="UTF-8"?>
<testng-results skipped="0" failed="0" ignored="0" total="2" passed="2">
  <reporter-output>
  </reporter-output>
  <suite name="Surefire suite" duration-ms="61" started-at="2020-08-25T21:03:54 EEST" finished-at="2020-08-25T21:03:54 EEST">
    <groups>
    </groups>
    <test name="Surefire test" duration-ms="61" started-at="2020-08-25T21:03:54 EEST" finished-at="2020-08-25T21:03:54 EEST">
      <class name="qaclickacademy.SeleniumTest">
        <test-method status="PASS" signature="SeleniumTest1()[pri:0, instance:qaclickacademy.SeleniumTest@6b09bb57]" name="SeleniumTest1" duration-ms="6" started-at="2020-08-25T21:03:54 EEST" finished-at="2020-08-25T21:03:54 EEST">
          <reporter-output>
          </reporter-output>
        </test-method> <!-- SeleniumTest1 -->
        <test-method status="PASS" signature="SeleniumTest2()[pri:0, instance:qaclickacademy.SeleniumTest@6b09bb57]" name="SeleniumTest2" duration-ms="1" started-at="2020-08-25T21:03:54 EEST" finished-at="2020-08-25T21:03:54 EEST">
          <reporter-output>
          </reporter-output>
        </test-method> <!-- SeleniumTest2 -->
      </class> <!-- qaclickacademy.SeleniumTest -->
    </test> <!-- Surefire test -->
  </suite> <!-- Surefire suite -->
</testng-results>
